4.1217451095581055
1.9196494817733765
0.5971256494522095
0.4204101264476776
0.3629099130630493
0.32762378454208374
0.29456308484077454
0.2695033550262451
0.2417294830083847
0.21479621529579163
0.2037985622882843
0.1836753636598587
0.1669701337814331
0.1484312117099762
0.14083331823349
0.12785974144935608
0.12348023056983948
0.11181432008743286
0.10600584745407104
0.09638030081987381
0.08898027241230011
0.08284712582826614
0.07984607666730881
0.0687243789434433
0.06945132464170456
0.06848368793725967
0.06388267874717712
0.059325456619262695
0.05977720767259598
0.05901249125599861
0.052563998848199844
0.05326008051633835
0.054432496428489685
0.04820628464221954
0.04585455358028412
0.045128341764211655
0.04561886936426163
0.03734486177563667
0.04596821218729019
0.04469834268093109
0.04570229351520538
0.04555613920092583
0.04597493261098862
0.0359073281288147
0.04088745266199112
0.0435262992978096
0.0470476932823658
0.04355184733867645
0.03730190545320511
0.040490176528692245
0.0436660572886467
0.04018966481089592
0.0416075624525547
0.037265557795763016
0.037810396403074265
0.034297648817300797
0.039943989366292953
0.03362223878502846
0.03396737948060036
0.03985236957669258
0.03454136848449707
0.04132789000868797
0.03539717197418213
0.04697980359196663
0.04640365391969681
0.03554515540599823
0.039288271218538284
0.03571644052863121
0.034398265182971954
0.03829939663410187
0.03929879143834114
0.042632561177015305
0.03969772532582283
0.042365457862615585
0.03946775943040848
0.04371696710586548
0.04049226641654968
0.03467787057161331
0.03475024178624153
0.03621741384267807
0.036192141473293304
0.03304709121584892
0.032677844166755676
0.04215403273701668
0.04083346948027611
0.043435513973236084
0.039464320987463
0.033656585961580276
0.03661375120282173
0.034917403012514114
0.03377283737063408
0.03227471187710762
0.030559105798602104
0.032713234424591064
0.04382297024130821
0.04144639894366264
0.03458867222070694
0.035539381206035614
0.03513746336102486
0.036937590688467026
0.03519992157816887
0.03690307214856148
0.0437302328646183
0.03258027136325836
0.030782442539930344
0.03268390893936157
0.03585202619433403
0.030573628842830658
0.029927706345915794
0.037779808044433594
0.03251100331544876
0.035698603838682175
0.03582414612174034
0.03268580138683319
0.027717076241970062
0.045960329473018646
0.03676915913820267
0.03420337289571762
0.04345113784074783
0.0275710579007864
0.040315013378858566
0.04332398250699043
0.03682702034711838
0.036157459020614624
0.03279156610369682
0.03928106278181076
0.030342767015099525
0.030413003638386726
0.03202568367123604
0.03942333906888962
0.02931537851691246
0.035569850355386734
0.0346730574965477
0.04056160897016525
0.035392340272665024
0.040645770728588104
0.04179765656590462
0.03142387047410011
0.03240557387471199
0.0350148007273674
0.031140495091676712
0.03402988240122795
0.03972803056240082
0.035065315663814545
0.028516460210084915
0.03403722867369652
0.03507690504193306
0.03510604426264763
0.03301849216222763
0.036307208240032196
0.03204113990068436
0.04348742589354515
0.03457047790288925
0.03398630768060684
0.0318339578807354
0.03622136265039444
0.03167958930134773
0.0340917631983757
0.03477364405989647
0.03349797800183296
0.032981012016534805
0.03330891579389572
0.03091924823820591
0.03400855511426926
0.036854952573776245
0.02672419138252735
0.029240334406495094
0.03218487277626991
0.03221561759710312
0.034137655049562454
0.03194548934698105
0.03736606240272522
0.030291123315691948
0.03366628661751747
0.031025025993585587
0.03565361350774765
0.031316712498664856
0.03316781669855118
0.033702507615089417
0.03782006725668907
0.03415451571345329
0.03645225614309311
0.037548888474702835
0.03146412968635559
0.03041081689298153
0.03728960081934929
0.039465565234422684
0.031719379127025604
0.03759629279375076
0.03560031205415726
0.03432437404990196
0.04053952544927597
0.03253568336367607
0.03245476633310318
0.04323913902044296
0.03358093276619911
0.03269314393401146
0.03784051537513733
0.03154266998171806
0.03346722200512886
0.03797202557325363
0.026620779186487198
0.03887442871928215
0.03987446799874306
0.02919965423643589
0.03389177843928337
0.029467791318893433
0.034538522362709045
0.03078070469200611
0.029739273712038994
0.037581637501716614
0.03964594379067421
0.03301197662949562
0.031052270904183388
0.03852666914463043
0.034912049770355225
0.04054342210292816
0.038604363799095154
0.03602105751633644
0.033630695194005966
0.036554884165525436
0.03307436406612396
0.031354937702417374
0.04055313393473625
0.03243601322174072
0.03745054081082344
0.02803405188024044
0.0284274872392416
0.03534086048603058
0.03290839120745659
0.029859645292162895
0.03496447205543518
0.033345092087984085
0.03238361328840256
0.02827778086066246
0.03396417573094368
0.04378868266940117
0.0373835451900959
0.039155930280685425
0.03018658608198166
0.03498096764087677
0.025616619735956192
0.035309579223394394
0.031970907002687454
0.033077266067266464
0.037688761949539185
0.03250718116760254
0.03147169575095177
0.028419118374586105
0.029103029519319534
0.03146253898739815
0.036430489271879196
0.028372010216116905
0.0366034097969532
0.03600001335144043
0.03284122422337532
0.03225626051425934
0.03203689306974411
0.02769632078707218
0.03720761835575104
0.030447255820035934
0.0367642380297184
0.029481584206223488
0.029982611536979675
0.030630769208073616
0.03930903226137161
0.03308052197098732
0.026605255901813507
0.030958805233240128
0.028796689584851265
0.0322456918656826
0.03218543156981468
0.0345795638859272
0.03632865473628044
0.04026198759675026
0.03316556289792061
0.0330619290471077
0.038780972361564636
0.029696492478251457
0.03011270985007286
0.03308255970478058
0.03220159932971001
0.038325097411870956
0.03581201285123825
0.037930816411972046
0.0346306711435318
0.03266841545701027
0.031113892793655396
0.03506294637918472
0.03436107188463211
0.029086140915751457
0.03578822314739227
0.03545244038105011
0.03603136166930199
0.03145751357078552
0.03371139615774155
0.027116985991597176
0.0317760705947876
0.03227313980460167
0.027990451082587242
0.02677217684686184
0.033294957131147385
0.034387510269880295
0.027722882106900215
0.03012084774672985
0.03534828498959541
0.03241867199540138
0.037492696195840836
0.037565119564533234
0.036037661135196686
0.039386291056871414
0.03306538611650467
0.03330789506435394
0.028306052088737488
0.029628600925207138
0.027695097029209137
0.0359138622879982
0.03278571367263794
0.031218145042657852
0.03277941048145294
0.03854794427752495
0.03159454092383385
0.03714096173644066
0.03166826814413071
0.03275558352470398
0.03898060321807861
0.03145572170615196
0.033091139048337936
0.03254155069589615
0.0365174226462841
0.035913851112127304
0.03517890349030495
0.038983773440122604
0.0409073643386364
0.029654353857040405
0.03357994183897972
0.03951794281601906
0.03172881528735161
0.029807552695274353
0.02790164016187191
0.03477925434708595
0.03092297539114952
0.033849675208330154
0.029456309974193573
0.037742979824543
0.0266693327575922
0.032207392156124115
0.03950413689017296
0.029832249507308006
0.037884391844272614
0.033675242215394974
0.035596590489149094
0.03893042355775833
0.03571590408682823
0.02815132960677147
0.0279502235352993
0.039034560322761536
0.03350841626524925
0.033166948705911636
0.0435665138065815
0.03117973729968071
0.032143909484148026
0.040876876562833786
0.030046971514821053
0.03490768000483513
0.03500024229288101
0.031750719994306564
0.02885279431939125
0.03691551834344864
0.031584903597831726
0.028882870450615883
0.0329192578792572
0.03302394226193428
0.030183875933289528
0.0308669526129961
0.0361441969871521
0.03259342163801193
0.033763282001018524
0.0378178209066391
0.03326530009508133
0.031620368361473083
0.034704867750406265
0.037102099508047104
0.04245925322175026
0.033518869429826736
0.03616783395409584
0.02941456250846386
0.035280436277389526
0.029879333451390266
0.03698005899786949
0.028161855414509773
0.036824509501457214
0.0346049889922142
0.02867799438536167
0.029699483886361122
0.03670569136738777
0.03245832398533821
0.03539310023188591
0.02756461873650551
0.040477924048900604
0.034981001168489456
0.026245173066854477
0.0355837419629097
0.03579861298203468
0.04026951640844345
0.032095979899168015
0.043098084628582
0.035856783390045166
0.03671463951468468
0.028412500396370888
0.031035684049129486
0.031214406713843346
0.03266255930066109
0.029667790979146957
0.0301332026720047
0.04039312154054642
0.03144688159227371
0.036502156406641006
0.02748030237853527
0.034520212560892105
0.037377890199422836
0.02843109518289566
0.04062170907855034
0.037080809473991394
0.03259079530835152
0.03508587181568146
0.03158947452902794
0.03436240553855896
0.03354544937610626
0.02968369796872139
0.03170130401849747
0.028500106185674667
0.03016710840165615
0.03190639242529869
0.033090706914663315
0.03271991014480591
0.03470702841877937
0.0288037471473217
0.030116815119981766
0.02822256274521351
0.03272924944758415
0.031920816749334335
0.033637888729572296
0.03667181730270386
0.03783541917800903
0.032859109342098236
0.037536125630140305
0.03285503387451172
0.0337720662355423
0.03593187779188156
0.034622158855199814
0.03630945831537247
0.03235054016113281
0.029558459296822548
0.036554064601659775
0.03732198476791382
0.03611331433057785
0.02881503477692604
0.03367222845554352
0.029413564130663872
0.032211098819971085
0.03113921731710434
0.03155894950032234
0.031215520575642586
0.03110090084373951
0.03480133041739464
0.033270809799432755
0.034479402005672455
0.029751494526863098
0.03241138905286789
0.03367602825164795
0.031691279262304306
0.0336478054523468
0.03286229074001312
0.0329289473593235
0.04077210649847984
0.03552539274096489
0.037130206823349
0.03774453327059746
0.03668717294931412
0.0316513366997242
0.03854159638285637
0.027900271117687225
0.029799479991197586
0.036653779447078705
0.03184386342763901
0.03710139915347099
0.033539459109306335
0.036691952496767044
0.034710630774497986
0.04057911038398743
0.032146189361810684
0.032009467482566833
0.03049251064658165
0.03537826985120773
0.035891465842723846
0.033531222492456436
0.03542543202638626
0.03333226963877678
0.0332876555621624
Traceback (most recent call last):
  File "/rdma/vast-rdma/vast/fiete/mikail/graph-reps/pytorch_implementation/train_graphs.py", line 157, in <module>
    np.savez(prefix + "/iter%d"%run, np.array(losses), index , np.array(bias1s), np.array(bias2s), np.array([best_loss]), np.array(tprobs))
NameError: name 'run' is not defined
Traceback (most recent call last):
  File "/rdma/vast-rdma/vast/fiete/mikail/graph-reps/pytorch_implementation/train_graphs.py", line 157, in <module>
    np.savez(prefix + "/iter%d"%run, np.array(losses), index , np.array(bias1s), np.array(bias2s), np.array([best_loss]), np.array(tprobs))
NameError: name 'run' is not defined
