4.606452465057373
4.36084508895874
3.6654717922210693
3.031423568725586
2.700913190841675
2.514958381652832
2.4091684818267822
2.3527472019195557
2.2945005893707275
2.261488437652588
2.244682550430298
2.228212594985962
2.2160518169403076
2.203345775604248
2.2039668560028076
2.1865766048431396
2.191244602203369
2.176344871520996
2.178199291229248
2.1691391468048096
2.1631641387939453
2.1583199501037598
2.162653684616089
2.1677701473236084
2.163761854171753
2.1610426902770996
2.1539177894592285
2.1527812480926514
2.156648635864258
2.1541388034820557
2.1535332202911377
2.165858507156372
2.159203052520752
2.150484561920166
2.1496741771698
2.15207839012146
2.1475131511688232
2.144550323486328
2.147303819656372
2.141164779663086
2.138363838195801
2.1377451419830322
2.1419224739074707
2.136124610900879
2.1417124271392822
2.1395962238311768
2.1374857425689697
2.148782253265381
2.143195629119873
2.1479382514953613
2.1422955989837646
2.139829397201538
2.142315626144409
2.1478261947631836
2.137570858001709
2.1285507678985596
2.1373069286346436
2.1379048824310303
2.1363253593444824
2.131117343902588
2.136385440826416
2.1353790760040283
2.1258139610290527
2.1313555240631104
2.132657766342163
2.1342175006866455
2.132317304611206
2.1278908252716064
2.1238903999328613
2.132424831390381
2.138079881668091
2.1311583518981934
2.129624128341675
2.121805191040039
2.1237993240356445
2.124479055404663
2.1200058460235596
2.1322572231292725
2.128175735473633
2.132207155227661
2.1147077083587646
2.120276927947998
2.1163785457611084
2.1141979694366455
2.113680362701416
2.111973762512207
2.1206789016723633
2.1253647804260254
2.122323751449585
2.121047258377075
2.128274440765381
2.1214823722839355
2.1225483417510986
2.125681161880493
2.1196675300598145
2.127739906311035
2.132291078567505
2.119316339492798
2.1226046085357666
2.1163454055786133
2.128631830215454
2.1265709400177
2.1292166709899902
2.1245765686035156
2.1216657161712646
2.1281042098999023
2.12157940864563
2.1204681396484375
2.124943971633911
2.1233534812927246
2.1256582736968994
2.117584228515625
2.118328809738159
2.123404026031494
2.114023208618164
2.1171553134918213
2.1165168285369873
2.117314577102661
2.121005058288574
2.1123037338256836
2.1222801208496094
2.1199307441711426
2.1226091384887695
2.1278676986694336
2.127772092819214
2.125917673110962
2.122629404067993
2.1239089965820312
2.113506555557251
2.1176421642303467
2.1198654174804688
2.1152169704437256
2.117272138595581
2.114910840988159
2.119297981262207
2.1133501529693604
2.123642683029175
2.138481378555298
2.1273341178894043
2.126223564147949
2.1257176399230957
2.1260781288146973
2.123966932296753
2.1192750930786133
2.1149604320526123
2.121964931488037
2.118234395980835
2.117570400238037
2.11220121383667
2.119943857192993
2.1156768798828125
2.1228599548339844
2.1229970455169678
2.1216113567352295
2.1148762702941895
2.1218299865722656
2.120983839035034
2.123807191848755
2.119190216064453
2.116391658782959
2.125391721725464
2.120495080947876
2.114461660385132
2.1184980869293213
2.116513252258301
2.120772123336792
2.115370750427246
2.1174042224884033
2.1150143146514893
2.1257336139678955
2.1202735900878906
2.127681255340576
2.112544059753418
2.119986057281494
2.128162145614624
2.121047019958496
2.114800453186035
2.1224606037139893
2.127727508544922
2.1211369037628174
2.1261539459228516
2.1323931217193604
2.119356632232666
2.1160597801208496
2.116974115371704
2.1125378608703613
2.117518663406372
2.1110711097717285
2.117518186569214
2.1071388721466064
2.1127877235412598
2.1046485900878906
2.1177070140838623
2.107882499694824
2.1014933586120605
2.1028940677642822
2.1088767051696777
2.1124579906463623
2.112877607345581
2.114729642868042
2.1094658374786377
2.105041742324829
2.1143527030944824
2.109588861465454
2.1178970336914062
2.1184744834899902
2.1147825717926025
2.1196203231811523
2.1170332431793213
2.1087231636047363
2.113687515258789
2.11783504486084
2.1107423305511475
2.1096670627593994
2.1196670532226562
2.1107969284057617
2.116673469543457
2.120506525039673
2.1165332794189453
2.1145570278167725
2.124345064163208
2.131274938583374
2.1251678466796875
2.1221377849578857
2.11958384513855
2.1160085201263428
2.1105830669403076
2.115091323852539
2.1207940578460693
2.1164536476135254
2.1119627952575684
2.1143085956573486
