4.606619358062744
4.354150772094727
3.7275118827819824
3.193844795227051
2.873854398727417
2.6711788177490234
2.5346479415893555
2.458794116973877
2.386449098587036
2.3402843475341797
2.3129725456237793
2.288886308670044
2.2598717212677
2.251403331756592
2.252612590789795
2.2233200073242188
2.2346088886260986
2.212468385696411
2.210219621658325
2.2030246257781982
2.19606351852417
2.1970038414001465
2.1937081813812256
2.1983346939086914
2.1921346187591553
2.184727668762207
2.1773741245269775
2.1886630058288574
2.1863510608673096
2.1841187477111816
2.1814727783203125
2.191545009613037
2.1854875087738037
2.169158697128296
2.1652417182922363
2.181365728378296
2.1673340797424316
2.174290180206299
2.162668466567993
2.1659364700317383
2.1695542335510254
2.1640231609344482
2.170775890350342
2.1669843196868896
2.169999599456787
2.1687049865722656
2.1576883792877197
2.1782541275024414
2.1764280796051025
2.169445514678955
2.171184778213501
2.1599619388580322
2.1677181720733643
2.1759655475616455
2.1642794609069824
2.1601040363311768
2.1654155254364014
2.1741719245910645
2.1641738414764404
2.1632628440856934
2.167926788330078
2.156018018722534
2.1424927711486816
2.1568009853363037
2.1613125801086426
2.159822940826416
2.1559934616088867
2.156137704849243
2.14704966545105
2.158003091812134
2.165316581726074
2.1476619243621826
2.1500589847564697
2.1445603370666504
2.147820472717285
2.1493337154388428
2.1497576236724854
2.15468168258667
2.1559269428253174
2.155022144317627
2.1357314586639404
2.1387319564819336
2.138434886932373
2.1352970600128174
2.137428045272827
2.143164873123169
2.1490731239318848
2.1573097705841064
2.151487350463867
2.1541645526885986
2.1499693393707275
2.148934841156006
2.1512603759765625
2.1358044147491455
2.1462159156799316
2.144162178039551
2.1553688049316406
2.140357494354248
2.1471240520477295
2.1440746784210205
2.155755043029785
2.156625509262085
Traceback (most recent call last):
  File "/rdma/vast-rdma/vast/fiete/mikail/graph-reps/pytorch_implementation/train_graphs.py", line 137, in <module>
    index, bias1, bias2, ps = model_graph.compute_bias(G, model)
  File "/rdma/vast-rdma/vast/fiete/mikail/graph-reps/pytorch_implementation/model_graph.py", line 60, in compute_bias
    ps_opt = np.mean((label_probs[filt1,index[filt1,2]]))
  File "/om2/user/mikail/miniconda3/envs/tofu/lib/python3.10/site-packages/numpy/core/fromnumeric.py", line 3380, in _mean_dispatcher
    def _mean_dispatcher(a, axis=None, dtype=None, out=None, keepdims=None, *,
KeyboardInterrupt
Traceback (most recent call last):
  File "/rdma/vast-rdma/vast/fiete/mikail/graph-reps/pytorch_implementation/train_graphs.py", line 137, in <module>
    index, bias1, bias2, ps = model_graph.compute_bias(G, model)
  File "/rdma/vast-rdma/vast/fiete/mikail/graph-reps/pytorch_implementation/model_graph.py", line 60, in compute_bias
    ps_opt = np.mean((label_probs[filt1,index[filt1,2]]))
  File "/om2/user/mikail/miniconda3/envs/tofu/lib/python3.10/site-packages/numpy/core/fromnumeric.py", line 3380, in _mean_dispatcher
    def _mean_dispatcher(a, axis=None, dtype=None, out=None, keepdims=None, *,
KeyboardInterrupt
